[17:49:16.092] Global cache location '/Users/lillycham/Library/Caches/typescript/4.8', safe file path '/users/lillycham/.emacs.d/.cache/lsp/npm/typescript/lib/node_modules/typescript/lib/typingsafelist.json', types map path /users/lillycham/.emacs.d/.cache/lsp/npm/typescript/lib/node_modules/typescript/lib/typesmap.json
[17:49:16.094] Processing cache location '/Users/lillycham/Library/Caches/typescript/4.8'
[17:49:16.094] Trying to find '/Users/lillycham/Library/Caches/typescript/4.8/package.json'...
[17:49:16.094] Loaded content of '/Users/lillycham/Library/Caches/typescript/4.8/package.json': {"private":true,"dependencies":{"types-registry":"^0.1.610"}}
[17:49:16.094] Loaded content of '/Users/lillycham/Library/Caches/typescript/4.8/package-lock.json'
[17:49:16.094] Finished processing cache location '/Users/lillycham/Library/Caches/typescript/4.8'
[17:49:16.095] Process id: 38708
[17:49:16.095] NPM location: /usr/local/bin/npm (explicit '--npmLocation' not  provided)
[17:49:16.095] validateDefaultNpmLocation: false
[17:49:16.095] Npm config file: /Users/lillycham/Library/Caches/typescript/4.8/package.json
[17:49:16.095] Updating types-registry npm package...
[17:49:16.095] Exec: /usr/local/bin/npm install --ignore-scripts types-registry@latest
[17:49:17.524]     Succeeded. stdout:
    + types-registry@0.1.610
    updated 1 package and audited 1 package in 0.852s
found 0 vulnerabilities


[17:49:17.525] Updated types-registry npm package
[19:52:35.100] Got install request {"projectName":"/dev/null/inferredProject1*","fileNames":[],"compilerOptions":{"module":1,"target":3,"jsx":1,"allowJs":true,"allowSyntheticDefaultImports":true,"allowNonTsExtensions":true,"noEmitForJsFiles":true},"typeAcquisition":{"enable":true,"include":[],"exclude":[]},"unresolvedImports":[],"projectRootPath":"/devel/hs-pos/frontend/src/components","kind":"discover"}
[19:52:35.153] Loaded safelist from types map file '/users/lillycham/.emacs.d/.cache/lsp/npm/typescript/lib/node_modules/typescript/lib/typesmap.json'
[19:52:35.153] Explicitly included types: []
[19:52:35.154] Inferred typings from unresolved imports: []
[19:52:35.154] Result: {"cachedTypingPaths":[],"newTypingNames":[],"filesToWatch":["/devel/hs-pos/frontend/src/components/bower_components","/devel/hs-pos/frontend/src/components/node_modules"]}
[19:52:35.154] Finished typings discovery: {"cachedTypingPaths":[],"newTypingNames":[],"filesToWatch":["/devel/hs-pos/frontend/src/components/bower_components","/devel/hs-pos/frontend/src/components/node_modules"]}
[19:52:35.155] DirectoryWatcher:: Added:: WatchInfo: /devel/hs-pos/frontend/src/components/bower_components
[19:52:35.158] DirectoryWatcher:: Added:: WatchInfo: /devel/hs-pos/frontend/src/components/bower_components 1 undefined Project: /dev/null/inferredProject1* watcher already invoked: false
[19:52:35.162] Elapsed:: 4.185625001788139ms DirectoryWatcher:: Added:: WatchInfo: /devel/hs-pos/frontend/src/components/bower_components 1 undefined Project: /dev/null/inferredProject1* watcher already invoked: false
[19:52:35.163] DirectoryWatcher:: Added:: WatchInfo: /devel/hs-pos/frontend/src/components/node_modules
[19:52:35.163] DirectoryWatcher:: Added:: WatchInfo: /devel/hs-pos/frontend/src/components/node_modules 1 undefined Project: /dev/null/inferredProject1* watcher already invoked: false
[19:52:35.163] Elapsed:: 0.06658300012350082ms DirectoryWatcher:: Added:: WatchInfo: /devel/hs-pos/frontend/src/components/node_modules 1 undefined Project: /dev/null/inferredProject1* watcher already invoked: false
[19:52:35.163] Sending response:
    {"projectName":"/dev/null/inferredProject1*","typeAcquisition":{"enable":true,"include":[],"exclude":[]},"compilerOptions":{"module":1,"target":3,"jsx":1,"allowJs":true,"allowSyntheticDefaultImports":true,"allowNonTsExtensions":true,"noEmitForJsFiles":true},"typings":[],"unresolvedImports":[],"kind":"action::set"}
[19:52:35.164] Response has been sent.
[19:52:35.164] No new typings were requested as a result of typings discovery
