[00:28:13.922] Global cache location '/Users/lillycham/Library/Caches/typescript/4.8', safe file path '/users/lillycham/.emacs.d/.cache/lsp/npm/typescript/lib/node_modules/typescript/lib/typingsafelist.json', types map path /users/lillycham/.emacs.d/.cache/lsp/npm/typescript/lib/node_modules/typescript/lib/typesmap.json
[00:28:13.924] Processing cache location '/Users/lillycham/Library/Caches/typescript/4.8'
[00:28:13.924] Trying to find '/Users/lillycham/Library/Caches/typescript/4.8/package.json'...
[00:28:13.924] Loaded content of '/Users/lillycham/Library/Caches/typescript/4.8/package.json': {"private":true,"dependencies":{"types-registry":"^0.1.610"}}
[00:28:13.925] Loaded content of '/Users/lillycham/Library/Caches/typescript/4.8/package-lock.json'
[00:28:13.925] Finished processing cache location '/Users/lillycham/Library/Caches/typescript/4.8'
[00:28:13.925] Process id: 35210
[00:28:13.925] NPM location: /usr/local/bin/npm (explicit '--npmLocation' not  provided)
[00:28:13.925] validateDefaultNpmLocation: false
[00:28:13.925] Npm config file: /Users/lillycham/Library/Caches/typescript/4.8/package.json
[00:28:13.925] Updating types-registry npm package...
[00:28:13.925] Exec: /usr/local/bin/npm install --ignore-scripts types-registry@latest
[00:28:15.039]     Succeeded. stdout:
    + types-registry@0.1.610
    updated 1 package and audited 1 package in 0.497s
found 0 vulnerabilities


[00:28:15.040] Updated types-registry npm package
[14:54:57.478] Got install request {"projectName":"/dev/null/inferredProject1*","fileNames":[],"compilerOptions":{"module":1,"target":3,"jsx":1,"allowJs":true,"allowSyntheticDefaultImports":true,"allowNonTsExtensions":true,"noEmitForJsFiles":true},"typeAcquisition":{"enable":true,"include":[],"exclude":[]},"unresolvedImports":[],"projectRootPath":"/devel/hs-pos/frontend/src/components","kind":"discover"}
[14:54:57.540] Loaded safelist from types map file '/users/lillycham/.emacs.d/.cache/lsp/npm/typescript/lib/node_modules/typescript/lib/typesmap.json'
[14:54:57.542] Explicitly included types: []
[14:54:57.546] Inferred typings from unresolved imports: []
[14:54:57.546] Result: {"cachedTypingPaths":[],"newTypingNames":[],"filesToWatch":["/devel/hs-pos/frontend/src/components/bower_components","/devel/hs-pos/frontend/src/components/node_modules"]}
[14:54:57.546] Finished typings discovery: {"cachedTypingPaths":[],"newTypingNames":[],"filesToWatch":["/devel/hs-pos/frontend/src/components/bower_components","/devel/hs-pos/frontend/src/components/node_modules"]}
[14:54:57.547] DirectoryWatcher:: Added:: WatchInfo: /devel/hs-pos/frontend/src/components/bower_components
[14:54:57.549] DirectoryWatcher:: Added:: WatchInfo: /devel/hs-pos/frontend/src/components/bower_components 1 undefined Project: /dev/null/inferredProject1* watcher already invoked: false
[14:54:57.556] Elapsed:: 5.754709005355835ms DirectoryWatcher:: Added:: WatchInfo: /devel/hs-pos/frontend/src/components/bower_components 1 undefined Project: /dev/null/inferredProject1* watcher already invoked: false
[14:54:57.556] DirectoryWatcher:: Added:: WatchInfo: /devel/hs-pos/frontend/src/components/node_modules
[14:54:57.556] DirectoryWatcher:: Added:: WatchInfo: /devel/hs-pos/frontend/src/components/node_modules 1 undefined Project: /dev/null/inferredProject1* watcher already invoked: false
[14:54:57.557] Elapsed:: 0.19529098272323608ms DirectoryWatcher:: Added:: WatchInfo: /devel/hs-pos/frontend/src/components/node_modules 1 undefined Project: /dev/null/inferredProject1* watcher already invoked: false
[14:54:57.557] Sending response:
    {"projectName":"/dev/null/inferredProject1*","typeAcquisition":{"enable":true,"include":[],"exclude":[]},"compilerOptions":{"module":1,"target":3,"jsx":1,"allowJs":true,"allowSyntheticDefaultImports":true,"allowNonTsExtensions":true,"noEmitForJsFiles":true},"typings":[],"unresolvedImports":[],"kind":"action::set"}
[14:54:57.558] Response has been sent.
[14:54:57.558] No new typings were requested as a result of typings discovery
[20:01:38.950] Got install request {"projectName":"/dev/null/inferredProject2*","fileNames":[],"compilerOptions":{"module":1,"target":3,"jsx":1,"allowJs":true,"allowSyntheticDefaultImports":true,"allowNonTsExtensions":true,"noEmitForJsFiles":true},"typeAcquisition":{"enable":true,"include":[],"exclude":[]},"unresolvedImports":[],"projectRootPath":"/devel/hs-pos/frontend/src/components","kind":"discover"}
[20:01:38.963] Explicitly included types: []
[20:01:38.969] Inferred typings from unresolved imports: []
[20:01:38.969] Result: {"cachedTypingPaths":[],"newTypingNames":[],"filesToWatch":["/devel/hs-pos/frontend/src/components/bower_components","/devel/hs-pos/frontend/src/components/node_modules"]}
[20:01:38.969] Finished typings discovery: {"cachedTypingPaths":[],"newTypingNames":[],"filesToWatch":["/devel/hs-pos/frontend/src/components/bower_components","/devel/hs-pos/frontend/src/components/node_modules"]}
[20:01:38.969] DirectoryWatcher:: Added:: WatchInfo: /devel/hs-pos/frontend/src/components/bower_components
[20:01:38.971] DirectoryWatcher:: Added:: WatchInfo: /devel/hs-pos/frontend/src/components/bower_components 1 undefined Project: /dev/null/inferredProject2* watcher already invoked: false
[20:01:38.975] Elapsed:: 1.4497079849243164ms DirectoryWatcher:: Added:: WatchInfo: /devel/hs-pos/frontend/src/components/bower_components 1 undefined Project: /dev/null/inferredProject2* watcher already invoked: false
[20:01:38.975] DirectoryWatcher:: Added:: WatchInfo: /devel/hs-pos/frontend/src/components/node_modules
[20:01:38.975] DirectoryWatcher:: Added:: WatchInfo: /devel/hs-pos/frontend/src/components/node_modules 1 undefined Project: /dev/null/inferredProject2* watcher already invoked: false
[20:01:38.976] Elapsed:: 0.055374979972839355ms DirectoryWatcher:: Added:: WatchInfo: /devel/hs-pos/frontend/src/components/node_modules 1 undefined Project: /dev/null/inferredProject2* watcher already invoked: false
[20:01:38.976] Sending response:
    {"projectName":"/dev/null/inferredProject2*","typeAcquisition":{"enable":true,"include":[],"exclude":[]},"compilerOptions":{"module":1,"target":3,"jsx":1,"allowJs":true,"allowSyntheticDefaultImports":true,"allowNonTsExtensions":true,"noEmitForJsFiles":true},"typings":[],"unresolvedImports":[],"kind":"action::set"}
[20:01:38.976] Response has been sent.
[20:01:38.976] No new typings were requested as a result of typings discovery
[20:22:31.499] Got install request {"projectName":"/dev/null/inferredProject2*","fileNames":[],"compilerOptions":{"module":1,"target":3,"jsx":1,"allowJs":true,"allowSyntheticDefaultImports":true,"allowNonTsExtensions":true,"noEmitForJsFiles":true},"typeAcquisition":{"enable":true,"include":[],"exclude":[]},"unresolvedImports":[],"projectRootPath":"/devel/hs-pos/frontend/src/components","kind":"discover"}
[20:22:31.504] Explicitly included types: []
[20:22:31.507] Inferred typings from unresolved imports: []
[20:22:31.507] Result: {"cachedTypingPaths":[],"newTypingNames":[],"filesToWatch":["/devel/hs-pos/frontend/src/components/bower_components","/devel/hs-pos/frontend/src/components/node_modules"]}
[20:22:31.507] Finished typings discovery: {"cachedTypingPaths":[],"newTypingNames":[],"filesToWatch":["/devel/hs-pos/frontend/src/components/bower_components","/devel/hs-pos/frontend/src/components/node_modules"]}
[20:22:31.516] Sending response:
    {"projectName":"/dev/null/inferredProject2*","typeAcquisition":{"enable":true,"include":[],"exclude":[]},"compilerOptions":{"module":1,"target":3,"jsx":1,"allowJs":true,"allowSyntheticDefaultImports":true,"allowNonTsExtensions":true,"noEmitForJsFiles":true},"typings":[],"unresolvedImports":[],"kind":"action::set"}
[20:22:31.517] Response has been sent.
[20:22:31.517] No new typings were requested as a result of typings discovery
[20:41:04.812] Got install request {"projectName":"/dev/null/inferredProject2*","fileNames":[],"compilerOptions":{"module":1,"target":3,"jsx":1,"allowJs":true,"allowSyntheticDefaultImports":true,"allowNonTsExtensions":true,"noEmitForJsFiles":true},"typeAcquisition":{"enable":true,"include":[],"exclude":[]},"unresolvedImports":[],"projectRootPath":"/devel/hs-pos/frontend/src/components","kind":"discover"}
[20:41:04.818] Explicitly included types: []
[20:41:04.822] Inferred typings from unresolved imports: []
[20:41:04.822] Result: {"cachedTypingPaths":[],"newTypingNames":[],"filesToWatch":["/devel/hs-pos/frontend/src/components/bower_components","/devel/hs-pos/frontend/src/components/node_modules"]}
[20:41:04.822] Finished typings discovery: {"cachedTypingPaths":[],"newTypingNames":[],"filesToWatch":["/devel/hs-pos/frontend/src/components/bower_components","/devel/hs-pos/frontend/src/components/node_modules"]}
[20:41:04.822] Sending response:
    {"projectName":"/dev/null/inferredProject2*","typeAcquisition":{"enable":true,"include":[],"exclude":[]},"compilerOptions":{"module":1,"target":3,"jsx":1,"allowJs":true,"allowSyntheticDefaultImports":true,"allowNonTsExtensions":true,"noEmitForJsFiles":true},"typings":[],"unresolvedImports":[],"kind":"action::set"}
[20:41:04.823] Response has been sent.
[20:41:04.823] No new typings were requested as a result of typings discovery
